<?xml version="1.0" encoding="UTF-8"?>
<!-- Generated by org.testng.reporters.JUnitReportReporter -->
<testsuite skipped="0" hostname="XYZ" name="com.pages.Home" tests="1" failures="0" timestamp="2020-09-14T16:46:36 IST" time="46.865" errors="0">
  <testcase name="m1" time="46.865" classname="com.pages.Home"/>
  <system-out/>
</testsuite> <!-- com.pages.Home -->
